<?xml version="1.0" encoding="UTF-8"?>
<!-- Generated by org.testng.reporters.JUnitXMLReporter -->
<testsuite hostname="DESKTOP-0RGL27L" ignored="0" name="Default test" tests="3" failures="0" timestamp="01 Jun 2022 21:26:24 GMT" time="1.597" errors="0">
  <testcase name="titleTest" time="0.021" classname="com.test.LoginTest"/>
  <testcase name="loginTest" time="1.526" classname="com.test.LoginTest"/>
  <testcase name="registerLinkTest" time="0.005" classname="com.test.LoginTest"/>
</testsuite> <!-- Default test -->
