<?xml version="1.0" encoding="UTF-8"?>
<!-- Generated by org.testng.reporters.JUnitXMLReporter -->
<testsuite hostname="DESKTOP-0RGL27L" ignored="0" name="Test" tests="3" failures="1" timestamp="29 May 2022 21:27:43 GMT" time="2.958" errors="0">
  <testcase name="loginTest" time="2.439" classname="com.test.LoginTest"/>
  <testcase name="failTest" time="0.01" classname="com.test.LoginTest">
    <failure type="java.lang.AssertionError" message="expected [test] but found [JavaByKiran | Dashboard]">
      <![CDATA[java.lang.AssertionError: expected [test] but found [JavaByKiran | Dashboard]
at com.test.LoginTest.failTest(LoginTest.java:33)
... Removed 31 stack frames]]>
    </failure>
  </testcase> <!-- failTest -->
  <testcase name="skipTest" time="0.002" classname="com.test.LoginTest">
    <skipped/>
  </testcase> <!-- skipTest -->
</testsuite> <!-- Test -->
