<?xml version="1.0" encoding="UTF-8"?>
<testng-results skipped="0" failed="0" ignored="0" total="3" passed="3">
  <reporter-output>
  </reporter-output>
  <suite name="Default suite" duration-ms="1597" started-at="2022-06-01T21:26:22Z" finished-at="2022-06-01T21:26:24Z">
    <groups>
    </groups>
    <test name="Default test" duration-ms="1597" started-at="2022-06-01T21:26:22Z" finished-at="2022-06-01T21:26:24Z">
      <class name="com.test.LoginTest">
        <test-method status="PASS" signature="setup()[pri:0, instance:com.test.LoginTest@65d6b83b]" name="setup" is-config="true" duration-ms="6315" started-at="2022-06-01T21:26:16Z" finished-at="2022-06-01T21:26:22Z">
          <reporter-output>
          </reporter-output>
        </test-method> <!-- setup -->
        <test-method status="PASS" signature="titleTest()[pri:1, instance:com.test.LoginTest@65d6b83b]" name="titleTest" duration-ms="21" started-at="2022-06-01T21:26:22Z" finished-at="2022-06-01T21:26:22Z">
          <reporter-output>
          </reporter-output>
        </test-method> <!-- titleTest -->
        <test-method status="PASS" signature="loginTest()[pri:2, instance:com.test.LoginTest@65d6b83b]" name="loginTest" duration-ms="1526" started-at="2022-06-01T21:26:22Z" finished-at="2022-06-01T21:26:24Z">
          <reporter-output>
          </reporter-output>
        </test-method> <!-- loginTest -->
        <test-method status="PASS" signature="registerLinkTest()[pri:3, instance:com.test.LoginTest@65d6b83b]" name="registerLinkTest" duration-ms="5" started-at="2022-06-01T21:26:24Z" finished-at="2022-06-01T21:26:24Z">
          <reporter-output>
          </reporter-output>
        </test-method> <!-- registerLinkTest -->
        <test-method status="PASS" signature="closeWindow()[pri:0, instance:com.test.LoginTest@65d6b83b]" name="closeWindow" is-config="true" duration-ms="1323" started-at="2022-06-01T21:26:24Z" finished-at="2022-06-01T21:26:25Z">
          <reporter-output>
          </reporter-output>
        </test-method> <!-- closeWindow -->
      </class> <!-- com.test.LoginTest -->
    </test> <!-- Default test -->
  </suite> <!-- Default suite -->
</testng-results>
